0 info it worked if it ends with ok
1 verbose cli [ 'C:\\Program Files\\nodejs\\node.exe',
1 verbose cli   'C:\\Users\\CXJ\\AppData\\Roaming\\npm\\node_modules\\cnpm\\node_modules\\npm\\bin\\npm-cli.js',
1 verbose cli   '--userconfig=C:\\Users\\CXJ\\.cnpmrc',
1 verbose cli   '--disturl=https://npm.taobao.org/mirrors/node',
1 verbose cli   '--registry=https://registry.npm.taobao.org',
1 verbose cli   '-g',
1 verbose cli   'install',
1 verbose cli   'supervisor' ]
2 info using npm@3.10.10
3 info using node@v6.9.2
4 silly loadCurrentTree Starting
5 silly install loadCurrentTree
6 silly install readGlobalPackageData
7 silly fetchPackageMetaData supervisor
8 silly fetchNamedPackageData supervisor
9 silly mapToRegistry name supervisor
10 silly mapToRegistry using default registry
11 silly mapToRegistry registry https://registry.npm.taobao.org/
12 silly mapToRegistry data Result {
12 silly mapToRegistry   raw: 'supervisor',
12 silly mapToRegistry   scope: null,
12 silly mapToRegistry   escapedName: 'supervisor',
12 silly mapToRegistry   name: 'supervisor',
12 silly mapToRegistry   rawSpec: '',
12 silly mapToRegistry   spec: 'latest',
12 silly mapToRegistry   type: 'tag' }
13 silly mapToRegistry uri https://registry.npm.taobao.org/supervisor
14 verbose request uri https://registry.npm.taobao.org/supervisor
15 verbose request no auth needed
16 info attempt registry request try #1 at 15:48:19
17 verbose request id 3f26dc6a440d5263
18 http request GET https://registry.npm.taobao.org/supervisor
19 http 200 https://registry.npm.taobao.org/supervisor
20 verbose headers { date: 'Fri, 10 Feb 2017 07:47:05 GMT',
20 verbose headers   'content-type': 'application/json; charset=utf-8',
20 verbose headers   'content-length': '74690',
20 verbose headers   connection: 'keep-alive',
20 verbose headers   'x-current-requests': '1',
20 verbose headers   etag: '"123c2-mNgF088y5X3qMo2t5RqSMw"',
20 verbose headers   'x-readtime': '47' }
21 silly get cb [ 200,
21 silly get   { date: 'Fri, 10 Feb 2017 07:47:05 GMT',
21 silly get     'content-type': 'application/json; charset=utf-8',
21 silly get     'content-length': '74690',
21 silly get     connection: 'keep-alive',
21 silly get     'x-current-requests': '1',
21 silly get     etag: '"123c2-mNgF088y5X3qMo2t5RqSMw"',
21 silly get     'x-readtime': '47' } ]
22 verbose get saving supervisor to C:\Program Files\nodejs\node_cache\registry.npm.taobao.org\supervisor\.cache.json
23 verbose correctMkdir C:\Program Files\nodejs\node_cache correctMkdir not in flight; initializing
24 verbose makeDirectory C:\Program Files\nodejs\node_cache creation not in flight; initializing
25 verbose makeCacheDir UID & GID are irrelevant on win32
26 silly install normalizeTree
27 silly loadCurrentTree Finishing
28 silly loadIdealTree Starting
29 silly install loadIdealTree
30 silly cloneCurrentTree Starting
31 silly install cloneCurrentTreeToIdealTree
32 silly cloneCurrentTree Finishing
33 silly loadShrinkwrap Starting
34 silly install loadShrinkwrap
35 silly loadShrinkwrap Finishing
36 silly loadAllDepsIntoIdealTree Starting
37 silly install loadAllDepsIntoIdealTree
38 silly resolveWithNewModule supervisor@0.12.0 checking installable status
39 silly cache add args [ 'supervisor', null ]
40 verbose cache add spec supervisor
41 silly cache add parsed spec Result {
41 silly cache add   raw: 'supervisor',
41 silly cache add   scope: null,
41 silly cache add   escapedName: 'supervisor',
41 silly cache add   name: 'supervisor',
41 silly cache add   rawSpec: '',
41 silly cache add   spec: 'latest',
41 silly cache add   type: 'tag' }
42 silly addNamed supervisor@latest
43 verbose addNamed "latest" is being treated as a dist-tag for supervisor
44 info addNameTag [ 'supervisor', 'latest' ]
45 silly mapToRegistry name supervisor
46 silly mapToRegistry using default registry
47 silly mapToRegistry registry https://registry.npm.taobao.org/
48 silly mapToRegistry data Result {
48 silly mapToRegistry   raw: 'supervisor',
48 silly mapToRegistry   scope: null,
48 silly mapToRegistry   escapedName: 'supervisor',
48 silly mapToRegistry   name: 'supervisor',
48 silly mapToRegistry   rawSpec: '',
48 silly mapToRegistry   spec: 'latest',
48 silly mapToRegistry   type: 'tag' }
49 silly mapToRegistry uri https://registry.npm.taobao.org/supervisor
50 verbose addNameTag registry:https://registry.npm.taobao.org/supervisor not in flight; fetching
51 verbose request uri https://registry.npm.taobao.org/supervisor
52 verbose request no auth needed
53 info attempt registry request try #1 at 15:48:20
54 http request GET https://registry.npm.taobao.org/supervisor
55 http 200 https://registry.npm.taobao.org/supervisor
56 verbose headers { date: 'Fri, 10 Feb 2017 07:47:06 GMT',
56 verbose headers   'content-type': 'application/json; charset=utf-8',
56 verbose headers   'content-length': '74690',
56 verbose headers   connection: 'keep-alive',
56 verbose headers   'x-current-requests': '1',
56 verbose headers   etag: '"123c2-mNgF088y5X3qMo2t5RqSMw"',
56 verbose headers   'x-readtime': '46' }
57 silly get cb [ 200,
57 silly get   { date: 'Fri, 10 Feb 2017 07:47:06 GMT',
57 silly get     'content-type': 'application/json; charset=utf-8',
57 silly get     'content-length': '74690',
57 silly get     connection: 'keep-alive',
57 silly get     'x-current-requests': '1',
57 silly get     etag: '"123c2-mNgF088y5X3qMo2t5RqSMw"',
57 silly get     'x-readtime': '46' } ]
58 verbose get saving supervisor to C:\Program Files\nodejs\node_cache\registry.npm.taobao.org\supervisor\.cache.json
59 verbose correctMkdir C:\Program Files\nodejs\node_cache correctMkdir not in flight; initializing
60 silly addNameTag next cb for supervisor with tag latest
61 silly addNamed supervisor@0.12.0
62 verbose addNamed "0.12.0" is a plain semver version for supervisor
63 silly mapToRegistry name supervisor
64 silly mapToRegistry using default registry
65 silly mapToRegistry registry https://registry.npm.taobao.org/
66 silly mapToRegistry data Result {
66 silly mapToRegistry   raw: 'supervisor',
66 silly mapToRegistry   scope: null,
66 silly mapToRegistry   escapedName: 'supervisor',
66 silly mapToRegistry   name: 'supervisor',
66 silly mapToRegistry   rawSpec: '',
66 silly mapToRegistry   spec: 'latest',
66 silly mapToRegistry   type: 'tag' }
67 silly mapToRegistry uri https://registry.npm.taobao.org/supervisor
68 verbose addRemoteTarball https://registry.npm.taobao.org/supervisor/download/supervisor-0.12.0.tgz not in flight; adding
69 verbose addRemoteTarball [ 'https://registry.npm.taobao.org/supervisor/download/supervisor-0.12.0.tgz',
69 verbose addRemoteTarball   'de7e6337015b291851c10f3538c4a7f04917ecc1' ]
70 info retry fetch attempt 1 at 15:48:20
71 info attempt registry request try #1 at 15:48:20
72 http fetch GET https://registry.npm.taobao.org/supervisor/download/supervisor-0.12.0.tgz
73 http fetch 200 https://registry.npm.taobao.org/supervisor/download/supervisor-0.12.0.tgz
74 silly fetchAndShaCheck shasum de7e6337015b291851c10f3538c4a7f04917ecc1
75 verbose addTmpTarball C:\Users\CXJ\AppData\Local\Temp\npm-9172-3021d427\registry.npm.taobao.org\supervisor\download\supervisor-0.12.0.tgz not in flight; adding
76 verbose addTmpTarball already have metadata; skipping unpack for supervisor@0.12.0
77 verbose correctMkdir C:\Program Files\nodejs\node_cache correctMkdir not in flight; initializing
78 silly rollbackFailedOptional Starting
79 silly rollbackFailedOptional Finishing
80 silly runTopLevelLifecycles Finishing
81 silly install printInstalled
82 verbose stack Error: EPERM: operation not permitted, mkdir 'C:\Program Files\nodejs\node_cache'
82 verbose stack     at Error (native)
83 verbose cwd E:\20170210\spider
84 error Windows_NT 6.1.7601
85 error argv "C:\\Program Files\\nodejs\\node.exe" "C:\\Users\\CXJ\\AppData\\Roaming\\npm\\node_modules\\cnpm\\node_modules\\npm\\bin\\npm-cli.js" "--userconfig=C:\\Users\\CXJ\\.cnpmrc" "--disturl=https://npm.taobao.org/mirrors/node" "--registry=https://registry.npm.taobao.org" "-g" "install" "supervisor"
86 error node v6.9.2
87 error npm  v3.10.10
88 error path C:\Program Files\nodejs\node_cache
89 error code EPERM
90 error errno -4048
91 error syscall mkdir
92 error Error: EPERM: operation not permitted, mkdir 'C:\Program Files\nodejs\node_cache'
92 error     at Error (native)
92 error  { Error: EPERM: operation not permitted, mkdir 'C:\Program Files\nodejs\node_cache'
92 error     at Error (native)
92 error   errno: -4048,
92 error   code: 'EPERM',
92 error   syscall: 'mkdir',
92 error   path: 'C:\\Program Files\\nodejs\\node_cache' }
93 error Please try running this command again as root/Administrator.
94 verbose exit [ -4048, true ]
